<?xml version="1.0" encoding="UTF-8"?>
<testng-results skipped="0" failed="0" ignored="0" total="3" passed="3">
  <reporter-output>
  </reporter-output>
  <suite name="All Test Suite" duration-ms="65923" started-at="2021-11-03T15:38:21 IST" finished-at="2021-11-03T15:39:27 IST">
    <groups>
    </groups>
    <test name="inception_env2" duration-ms="36220" started-at="2021-11-03T15:38:21 IST" finished-at="2021-11-03T15:38:57 IST">
      <class name="TestCase.Inception">
        <test-method status="PASS" signature="launch(java.lang.String,java.lang.String)[pri:0, instance:TestCase.Inception@7a187f14]" name="launch" is-config="true" duration-ms="18253" started-at="2021-11-03T15:38:21 IST" finished-at="2021-11-03T15:38:39 IST">
          <params>
            <param index="0">
              <value>
                <![CDATA[parallel.conf.json]]>
              </value>
            </param>
            <param index="1">
              <value>
                <![CDATA[env2]]>
              </value>
            </param>
          </params>
          <reporter-output>
          </reporter-output>
        </test-method> <!-- launch -->
        <test-method status="PASS" signature="AutomateBS()[pri:0, instance:TestCase.Inception@7a187f14]" name="AutomateBS" duration-ms="16197" started-at="2021-11-03T15:38:39 IST" finished-at="2021-11-03T15:38:55 IST">
          <reporter-output>
          </reporter-output>
        </test-method> <!-- AutomateBS -->
        <test-method status="PASS" signature="tearDown()[pri:0, instance:TestCase.Inception@7a187f14]" name="tearDown" is-config="true" duration-ms="1611" started-at="2021-11-03T15:38:55 IST" finished-at="2021-11-03T15:38:57 IST">
          <reporter-output>
          </reporter-output>
        </test-method> <!-- tearDown -->
      </class> <!-- TestCase.Inception -->
    </test> <!-- inception_env2 -->
    <test name="inception_env1" duration-ms="39071" started-at="2021-11-03T15:38:21 IST" finished-at="2021-11-03T15:39:00 IST">
      <class name="TestCase.Inception">
        <test-method status="PASS" signature="launch(java.lang.String,java.lang.String)[pri:0, instance:TestCase.Inception@694e1548]" name="launch" is-config="true" duration-ms="11160" started-at="2021-11-03T15:38:21 IST" finished-at="2021-11-03T15:38:32 IST">
          <params>
            <param index="0">
              <value>
                <![CDATA[parallel.conf.json]]>
              </value>
            </param>
            <param index="1">
              <value>
                <![CDATA[env1]]>
              </value>
            </param>
          </params>
          <reporter-output>
          </reporter-output>
        </test-method> <!-- launch -->
        <test-method status="PASS" signature="AutomateBS()[pri:0, instance:TestCase.Inception@694e1548]" name="AutomateBS" duration-ms="24055" started-at="2021-11-03T15:38:32 IST" finished-at="2021-11-03T15:38:56 IST">
          <reporter-output>
          </reporter-output>
        </test-method> <!-- AutomateBS -->
        <test-method status="PASS" signature="tearDown()[pri:0, instance:TestCase.Inception@694e1548]" name="tearDown" is-config="true" duration-ms="3768" started-at="2021-11-03T15:38:56 IST" finished-at="2021-11-03T15:39:00 IST">
          <reporter-output>
          </reporter-output>
        </test-method> <!-- tearDown -->
      </class> <!-- TestCase.Inception -->
    </test> <!-- inception_env1 -->
    <test name="inception_env3" duration-ms="29650" started-at="2021-11-03T15:38:57 IST" finished-at="2021-11-03T15:39:27 IST">
      <class name="TestCase.Inception">
        <test-method status="PASS" signature="launch(java.lang.String,java.lang.String)[pri:0, instance:TestCase.Inception@2353b3e6]" name="launch" is-config="true" duration-ms="6607" started-at="2021-11-03T15:38:57 IST" finished-at="2021-11-03T15:39:04 IST">
          <params>
            <param index="0">
              <value>
                <![CDATA[parallel.conf.json]]>
              </value>
            </param>
            <param index="1">
              <value>
                <![CDATA[env3]]>
              </value>
            </param>
          </params>
          <reporter-output>
          </reporter-output>
        </test-method> <!-- launch -->
        <test-method status="PASS" signature="AutomateBS()[pri:0, instance:TestCase.Inception@2353b3e6]" name="AutomateBS" duration-ms="19368" started-at="2021-11-03T15:39:04 IST" finished-at="2021-11-03T15:39:23 IST">
          <reporter-output>
          </reporter-output>
        </test-method> <!-- AutomateBS -->
        <test-method status="PASS" signature="tearDown()[pri:0, instance:TestCase.Inception@2353b3e6]" name="tearDown" is-config="true" duration-ms="3653" started-at="2021-11-03T15:39:23 IST" finished-at="2021-11-03T15:39:27 IST">
          <reporter-output>
          </reporter-output>
        </test-method> <!-- tearDown -->
      </class> <!-- TestCase.Inception -->
    </test> <!-- inception_env3 -->
  </suite> <!-- All Test Suite -->
</testng-results>
